{"level":"info","message":"POST /sarturn/v1/auth/login","timestamp":"2023-09-02T17:12:54.611Z"}
{"level":"info","message":"POST /sarturn/v1/auth/login","timestamp":"2023-09-02T17:14:31.170Z"}
{"level":"info","message":"POST /sarturn/v1/auth/login","timestamp":"2023-09-02T17:14:52.399Z"}
{"level":"info","message":"POST /sarturn/v1/auth/login","timestamp":"2023-09-02T17:16:00.751Z"}
{"level":"info","message":"POST /sarturn/v1/auth/login","timestamp":"2023-09-02T17:18:28.149Z"}
{"level":"info","message":"POST /sarturn/v1/auth/login","timestamp":"2023-09-02T17:20:59.521Z"}
{"level":"info","message":"POST /sarturn/v1/auth/","timestamp":"2023-09-02T17:21:26.352Z"}
{"level":"info","message":"POST /sarturn/v1/auth/login","timestamp":"2023-09-02T17:21:34.521Z"}
{"level":"info","message":"POST /sarturn/v1/auth","timestamp":"2023-09-02T17:25:14.279Z"}
{"level":"info","message":"POST /sarturn/v1/auth","timestamp":"2023-09-02T17:27:44.522Z"}
{"level":"info","message":"POST /sarturn/v1/auth/login","timestamp":"2023-09-02T17:29:29.085Z"}
{"level":"info","message":"POST /sarturn/v1/auth/login","timestamp":"2023-09-02T17:30:56.838Z"}
{"level":"info","message":"POST /sarturn/v1/auth/login","timestamp":"2023-09-02T17:31:24.829Z"}
{"level":"info","message":"POST /sarturn/v1/auth/login","timestamp":"2023-09-02T17:31:29.804Z"}
{"level":"info","message":"POST /sarturn/v1/auth/login","timestamp":"2023-09-02T17:31:49.988Z"}
{"level":"info","message":"POST /sarturn/v1/auth/login","timestamp":"2023-09-02T17:34:07.902Z"}
{"level":"info","message":"POST /sarturn/v1/auth/login","timestamp":"2023-09-02T17:34:50.756Z"}
{"level":"info","message":"POST /sarturn/v1/auth/login","timestamp":"2023-09-02T17:34:59.456Z"}
{"level":"info","message":"POST /sarturn/v1/auth/login","timestamp":"2023-09-02T17:35:30.203Z"}
{"level":"info","message":"POST /sarturn/v1/auth/login","timestamp":"2023-09-02T17:36:30.073Z"}
{"level":"info","message":"POST /sarturn/v1/auth/login","timestamp":"2023-09-02T17:36:40.416Z"}
{"level":"info","message":"POST /sarturn/v1/auth/login","timestamp":"2023-09-02T17:36:47.175Z"}
{"level":"info","message":"GET /","timestamp":"2023-09-02T17:38:39.470Z"}
{"level":"info","message":"GET /","timestamp":"2023-09-02T17:39:12.451Z"}
{"level":"info","message":"GET /sarturn/v1/","timestamp":"2023-09-02T17:39:55.045Z"}
{"level":"info","message":"GET /sarturn/v1/","timestamp":"2023-09-02T17:40:14.957Z"}
{"level":"info","message":"GET /","timestamp":"2023-09-02T17:41:05.044Z"}
{"level":"info","message":"GET /sarturn/v1/","timestamp":"2023-09-02T17:41:16.597Z"}
{"level":"info","message":"GET /sarturn/v1/","timestamp":"2023-09-02T17:41:38.304Z"}
{"level":"info","message":"GET /sarturn/v1/auth","timestamp":"2023-09-02T17:41:59.545Z"}
{"level":"info","message":"GET /sarturn/v1/auth","timestamp":"2023-09-02T17:42:14.966Z"}
{"level":"info","message":"GET /sarturn/v1/auth","timestamp":"2023-09-02T17:42:17.038Z"}
{"level":"info","message":"GET /sarturn/v1/auth","timestamp":"2023-09-02T17:42:38.471Z"}
{"level":"info","message":"POST /sarturn/v1/auth/login","timestamp":"2023-09-02T17:43:35.894Z"}
{"level":"info","message":"POST /sarturn/v1/auth/login","timestamp":"2023-09-03T00:25:14.045Z"}
{"level":"info","message":"POST /sarturn/v1/auth/login","timestamp":"2023-09-03T00:26:10.181Z"}
{"level":"info","message":"POST /PayBeforeService/v1/auth/sendOtp","timestamp":"2023-11-18T15:13:59.710Z"}
{"level":"info","message":"POST /PayBeforeService/v1/auth/sendOtp","timestamp":"2023-11-18T15:16:37.758Z"}
{"level":"info","message":"POST /PayBeforeService/v1/auth/sendOtp","timestamp":"2023-11-18T15:18:16.712Z"}
{"level":"info","message":"POST /PayBeforeService/v1/auth/sendOtp","timestamp":"2023-11-18T15:22:36.285Z"}
{"level":"info","message":"POST /PayBeforeService/v1/auth/sendOtp","timestamp":"2023-11-18T15:25:35.577Z"}
{"level":"info","message":"POST /PayBeforeService/v1/auth/sendOtp","timestamp":"2023-11-18T15:26:17.410Z"}
{"level":"info","message":"POST /PayBeforeService/v1/auth/sendOtp","timestamp":"2023-11-18T15:27:09.716Z"}
{"level":"info","message":"POST /PayBeforeService/v1/auth/sendOtp","timestamp":"2023-11-18T15:28:58.206Z"}
{"level":"info","message":"POST /PayBeforeService/v1/auth/sendOtp","timestamp":"2023-11-18T15:39:47.933Z"}
{"level":"info","message":"POST /PayBeforeService/v1/auth/sendOtp","timestamp":"2023-11-19T15:16:12.177Z"}
{"level":"info","message":"POST /PayBeforeService/v1/auth/verifyOtpReg","timestamp":"2023-11-19T15:16:45.594Z"}
{"level":"info","message":"POST /PayBeforeService/v1/auth/verifyOtpReg","timestamp":"2023-11-19T15:19:11.220Z"}
{"level":"info","message":"POST /PayBeforeService/v1/auth/verifyOtpReg","timestamp":"2023-11-19T15:19:37.681Z"}
{"level":"info","message":"POST /PayBeforeService/v1/auth/verifyOtpReg","timestamp":"2023-11-19T15:22:03.246Z"}
{"level":"info","message":"POST /PayBeforeService/v1/auth/verifyOtpReg","timestamp":"2023-11-19T15:22:30.041Z"}
{"level":"info","message":"POST /PayBeforeService/v1/auth/verifyOtpReg","timestamp":"2023-11-19T15:24:30.772Z"}
{"level":"info","message":"POST /PayBeforeService/v1/auth/verifyOtpReg","timestamp":"2023-11-19T15:26:03.589Z"}
{"level":"info","message":"POST /PayBeforeService/v1/auth/verifyOtpReg","timestamp":"2023-11-19T15:28:15.390Z"}
{"level":"info","message":"POST /PayBeforeService/v1/auth/verifyOtpReg","timestamp":"2023-11-19T15:29:13.952Z"}
{"level":"info","message":"POST /PayBeforeService/v1/auth/sendOtp","timestamp":"2023-11-19T15:30:52.642Z"}
{"level":"info","message":"POST /PayBeforeService/v1/auth/sendOtp","timestamp":"2023-11-19T15:34:50.639Z"}
{"level":"info","message":"POST /PayBeforeService/v1/auth/sendOtp","timestamp":"2023-11-19T15:38:05.812Z"}
{"level":"info","message":"POST /PayBeforeService/v1/auth/verifyOtpReg","timestamp":"2023-11-19T15:38:31.648Z"}
{"level":"info","message":"POST /PayBeforeService/v1/auth/sendOtp","timestamp":"2023-11-19T15:41:31.686Z"}
{"level":"info","message":"POST /PayBeforeService/v1/auth/sendOtp","timestamp":"2023-11-19T15:44:22.283Z"}
{"level":"info","message":"POST /PayBeforeService/v1/auth/sendOtp","timestamp":"2023-11-19T15:44:49.701Z"}
{"level":"info","message":"POST /PayBeforeService/v1/auth/sendOtp","timestamp":"2023-11-19T15:45:40.511Z"}
{"level":"info","message":"POST /PayBeforeService/v1/auth/sendOtp","timestamp":"2023-11-19T15:45:58.931Z"}
{"level":"info","message":"POST /PayBeforeService/v1/auth/sendOtp","timestamp":"2023-11-19T15:46:33.247Z"}
{"level":"info","message":"POST /PayBeforeService/v1/auth/resendOtp","timestamp":"2023-11-19T15:47:06.827Z"}
{"level":"info","message":"POST /PayBeforeService/v1/auth/resendOtp","timestamp":"2023-11-19T15:48:16.789Z"}
{"level":"info","message":"PUT /PayBeforeService/v1/auth/resendOtp","timestamp":"2023-11-19T15:48:59.159Z"}
{"level":"info","message":"PUT /PayBeforeService/v1/auth/resendOtp","timestamp":"2023-11-19T15:50:26.514Z"}
{"level":"info","message":"PUT /PayBeforeService/v1/auth/resendOtp","timestamp":"2023-11-19T15:51:04.280Z"}
{"level":"info","message":"POST /PayBeforeService/v1/auth/signup","timestamp":"2023-11-19T15:55:23.995Z"}
{"level":"info","message":"POST /PayBeforeService/v1/auth/sendOtp","timestamp":"2023-11-19T16:11:57.697Z"}
{"level":"info","message":"POST /PayBeforeService/v1/auth/signup","timestamp":"2023-11-19T16:16:30.134Z"}
{"level":"info","message":"POST /PayBeforeService/v1/auth/signup","timestamp":"2023-11-19T16:22:05.913Z"}
{"level":"info","message":"POST /PayBeforeService/v1/auth/signup","timestamp":"2023-11-19T17:07:31.665Z"}
{"level":"info","message":"POST /PayBeforeService/v1/auth/signup","timestamp":"2023-11-19T17:09:27.924Z"}
{"level":"info","message":"POST /PayBeforeService/v1/auth/sendOtp","timestamp":"2023-11-19T17:12:13.963Z"}
{"level":"info","message":"POST /PayBeforeService/v1/auth/sendOtp","timestamp":"2023-11-19T17:13:14.863Z"}
{"level":"info","message":"POST /PayBeforeService/v1/auth/sendOtp","timestamp":"2023-11-19T17:13:50.705Z"}
{"level":"info","message":"POST /PayBeforeService/v1/auth/sendOtp","timestamp":"2023-11-19T17:15:51.549Z"}
{"level":"info","message":"POST /PayBeforeService/v1/auth/signup","timestamp":"2023-11-19T17:20:03.612Z"}
{"level":"info","message":"POST /PayBeforeService/v1/auth/signup","timestamp":"2023-11-19T17:25:54.427Z"}
{"level":"info","message":"POST /PayBeforeService/v1/auth/signup","timestamp":"2023-11-19T17:26:31.420Z"}
{"level":"info","message":"POST /PayBeforeService/v1/auth/signup","timestamp":"2023-11-19T17:26:49.515Z"}
{"level":"info","message":"POST /PayBeforeService/v1/auth/signup","timestamp":"2023-11-19T17:28:36.522Z"}
{"level":"info","message":"POST /PayBeforeService/v1/auth/signup","timestamp":"2023-11-19T17:30:43.681Z"}
{"level":"info","message":"POST /PayBeforeService/v1/auth/signup","timestamp":"2023-11-19T17:33:05.199Z"}
{"level":"info","message":"POST /PayBeforeService/v1/payment/generatePaymentLink","timestamp":"2023-11-19T17:54:53.966Z"}
{"level":"info","message":"POST /PayBeforeService/v1/payment/generatePaymentLink","timestamp":"2023-11-19T17:59:32.478Z"}
{"level":"info","message":"GET /PayBeforeService/v1/payment/verifyPayment/7NW1DX","timestamp":"2023-11-19T18:06:26.982Z"}
{"level":"info","message":"GET /PayBeforeService/v1/payment/verifyPayment/7NW1DX","timestamp":"2023-11-19T18:08:40.307Z"}
{"level":"info","message":"POST /PayBeforeService/v1/auth/sendOtp","timestamp":"2023-11-19T18:33:29.956Z"}
{"level":"info","message":"POST /PayBeforeService/v1/auth/sendOtp","timestamp":"2023-11-19T18:35:27.577Z"}
{"level":"info","message":"POST /PayBeforeService/v1/auth/sendOtp","timestamp":"2023-11-19T18:35:49.538Z"}
{"level":"info","message":"POST /PayBeforeService/v1/auth/sendOtp","timestamp":"2023-11-19T18:37:29.172Z"}
{"level":"info","message":"POST /PayBeforeService/v1/payment/generatePaymentLink","timestamp":"2023-11-19T18:46:02.402Z"}
{"level":"info","message":"GET /PayBeforeService/v1/payment/verifyPayment/OPFKL5","timestamp":"2023-11-19T18:46:46.665Z"}
{"level":"info","message":"POST /PayBeforeService/v1/auth/sendOtp","timestamp":"2023-11-22T18:12:18.203Z"}
{"level":"info","message":"POST /PayBeforeService/v1/auth/sendOtp","timestamp":"2023-11-22T18:13:44.494Z"}
{"level":"info","message":"POST /PayBeforeService/v1/auth/sendOtp","timestamp":"2023-11-22T18:19:16.422Z"}
{"level":"info","message":"POST /PayBeforeService/v1/auth/sendOtp","timestamp":"2023-11-22T18:23:14.761Z"}
{"level":"info","message":"POST /PayBeforeService/v1/auth/sendOtp","timestamp":"2023-11-22T22:55:41.470Z"}
{"level":"info","message":"POST /PayBeforeService/v1/auth/sendOtp","timestamp":"2023-11-22T22:58:15.012Z"}
{"level":"info","message":"POST /PayBeforeService/v1/auth/sendOtp","timestamp":"2023-11-22T22:59:30.918Z"}
{"level":"info","message":"POST /PayBeforeService/v1/auth/sendOtp","timestamp":"2023-11-22T23:06:29.978Z"}
{"level":"info","message":"POST /PayBeforeService/v1/auth/sendOtp","timestamp":"2023-11-22T23:07:32.352Z"}
{"level":"info","message":"POST /PayBeforeService/v1/auth/sendOtp","timestamp":"2023-11-22T23:08:19.343Z"}
{"level":"info","message":"POST /PayBeforeService/v1/auth/sendOtp","timestamp":"2023-11-22T23:17:56.263Z"}
{"level":"info","message":"POST /PayBeforeService/v1/auth/sendOtp","timestamp":"2023-11-22T23:18:39.271Z"}
{"level":"info","message":"POST /PayBeforeService/v1/auth/verifyOtpReg","timestamp":"2023-11-22T23:20:12.887Z"}
{"level":"info","message":"POST /PayBeforeService/v1/auth/signup","timestamp":"2023-11-22T23:22:30.235Z"}
{"level":"info","message":"POST /PayBeforeService/v1/auth/signup","timestamp":"2023-11-22T23:23:43.912Z"}
{"level":"info","message":"POST /PayBeforeService/v1/auth/login","timestamp":"2023-11-22T23:24:29.500Z"}
{"level":"info","message":"POST /PayBeforeService/v1/auth/login","timestamp":"2023-11-22T23:26:37.356Z"}
{"level":"info","message":"POST /PayBeforeService/v1/auth/login","timestamp":"2023-11-22T23:27:05.980Z"}
{"level":"info","message":"POST /PayBeforeService/v1/auth/login","timestamp":"2023-11-22T23:28:19.746Z"}
{"level":"info","message":"POST /PayBeforeService/v1/auth/login","timestamp":"2023-11-22T23:29:14.014Z"}
{"level":"info","message":"POST /PayBeforeService/v1/auth/login","timestamp":"2023-11-22T23:31:34.527Z"}
{"level":"info","message":"GET /PayBeforeService/v1/user/getProfile","timestamp":"2023-11-22T23:32:24.912Z"}
{"level":"info","message":"GET /PayBeforeService/v1/user/getProfile","timestamp":"2023-11-22T23:39:00.190Z"}
{"level":"info","message":"POST /PayBeforeService/v1/payment/generatePaymentLink","timestamp":"2023-11-22T23:42:21.447Z"}
{"level":"info","message":"GET /PayBeforeService/v1/payment/verifyPayment/1EURJM","timestamp":"2023-11-22T23:43:55.777Z"}
{"level":"info","message":"POST /PayBeforeService/v1/payment/generatePaymentLink","timestamp":"2023-11-22T23:49:03.046Z"}
{"level":"info","message":"POST /PayBeforeService/v1/payment/generatePaymentLink","timestamp":"2023-11-22T23:50:21.126Z"}
{"level":"info","message":"POST /PayBeforeService/v1/payment/generatePaymentLink","timestamp":"2023-11-22T23:50:52.777Z"}
{"level":"info","message":"POST /PayBeforeService/v1/payment/generatePaymentLink","timestamp":"2023-11-22T23:51:10.291Z"}
{"level":"info","message":"POST /PayBeforeService/v1/payment/generatePaymentLink","timestamp":"2023-11-22T23:55:35.235Z"}
{"level":"info","message":"PUT /PayBeforeService/v1/user/updateVerifyProfile","timestamp":"2023-11-22T23:56:01.917Z"}
{"level":"info","message":"PUT /PayBeforeService/v1/user/updateVerifyProfile","timestamp":"2023-11-22T23:56:35.803Z"}
{"level":"info","message":"PUT /PayBeforeService/v1/user/updateVerifyProfile","timestamp":"2023-11-22T23:59:13.015Z"}
{"level":"info","message":"POST /PayBeforeService/v1/auth/sendOtp","timestamp":"2023-11-23T00:08:44.190Z"}
{"level":"info","message":"POST /PayBeforeService/v1/auth/verifyOtpReg","timestamp":"2023-11-23T00:09:08.352Z"}
{"level":"info","message":"POST /PayBeforeService/v1/auth/signup","timestamp":"2023-11-23T00:09:19.167Z"}
{"level":"info","message":"POST /PayBeforeService/v1/auth/login","timestamp":"2023-11-23T00:09:29.252Z"}
{"level":"info","message":"PUT /PayBeforeService/v1/user/updateVerifyProfile","timestamp":"2023-11-23T00:10:00.937Z"}
{"level":"info","message":"PUT /PayBeforeService/v1/user/updateVerifyProfile","timestamp":"2023-11-23T00:11:23.967Z"}
{"level":"info","message":"POST /PayBeforeService/v1/payment/generatePaymentLink","timestamp":"2023-11-23T00:12:09.209Z"}
{"level":"info","message":"GET /PayBeforeService/v1/payment/verifyPayment/OTGQJ7","timestamp":"2023-11-23T00:12:34.059Z"}
{"level":"info","message":"POST /PayBeforeService/v1/payment/payToLink","timestamp":"2023-11-23T02:03:38.897Z"}
{"level":"info","message":"POST /PayBeforeService/v1/payment/payToLink","timestamp":"2023-11-23T02:12:25.055Z"}
{"level":"info","message":"POST /PayBeforeService/v1/payment/payToLink","timestamp":"2023-11-23T02:13:31.416Z"}
{"level":"info","message":"POST /PayBeforeService/v1/payment/payToLink","timestamp":"2023-11-23T02:33:15.232Z"}
{"level":"info","message":"POST /PayBeforeService/v1/payment/payToLink","timestamp":"2023-11-23T02:37:53.779Z"}
{"level":"info","message":"POST /PayBeforeService/v1/payment/payToLink","timestamp":"2023-11-23T02:38:37.457Z"}
{"level":"info","message":"POST /PayBeforeService/v1/payment/payToLink","timestamp":"2023-11-23T02:39:39.809Z"}
{"level":"info","message":"POST /PayBeforeService/v1/payment/payToLink","timestamp":"2023-11-23T02:42:59.739Z"}
{"level":"info","message":"POST /PayBeforeService/v1/payment/payToLink","timestamp":"2023-11-23T02:44:26.214Z"}
{"level":"info","message":"POST /PayBeforeService/v1/payment/payToLink","timestamp":"2023-11-23T02:47:25.258Z"}
{"level":"info","message":"POST /PayBeforeService/v1/payment/payToLink","timestamp":"2023-11-23T02:48:32.647Z"}
{"level":"info","message":"POST /PayBeforeService/v1/webhook/Handle","timestamp":"2023-11-23T02:52:20.729Z"}
{"level":"info","message":"POST /PayBeforeService/v1/webhook/Handle","timestamp":"2023-11-23T02:55:07.113Z"}
{"level":"info","message":"POST /PayBeforeService/v1/webhook/Handle","timestamp":"2023-11-23T03:02:19.663Z"}
{"level":"info","message":"POST /PayBeforeService/v1/webhook/Handle","timestamp":"2023-11-23T04:04:00.375Z"}
{"level":"info","message":"POST /PayBeforeService/v1/webhook/Handle","timestamp":"2023-11-23T04:05:26.576Z"}
{"level":"info","message":"POST /PayBeforeService/v1/payment/redeemPayment","timestamp":"2023-11-23T04:18:07.240Z"}
{"level":"info","message":"POST /PayBeforeService/v1/payment/redeemPayment","timestamp":"2023-11-23T04:18:51.799Z"}
{"level":"info","message":"POST /PayBeforeService/v1/payment/redeemPayment","timestamp":"2023-11-23T04:19:12.298Z"}
{"level":"info","message":"POST /PayBeforeService/v1/payment/redeemPayment","timestamp":"2023-11-23T04:19:46.860Z"}
{"level":"info","message":"POST /PayBeforeService/v1/payment/redeemPayment","timestamp":"2023-11-23T04:20:10.325Z"}
{"level":"info","message":"POST /PayBeforeService/v1/payment/redeemPayment","timestamp":"2023-11-23T04:20:33.054Z"}
{"level":"info","message":"POST /PayBeforeService/v1/payment/redeemPayment","timestamp":"2023-11-23T04:21:05.866Z"}
{"level":"info","message":"POST /PayBeforeService/v1/payment/generatePaymentLink","timestamp":"2023-11-23T05:43:11.953Z"}
{"level":"info","message":"GET /PayBeforeService/v1/payment/verifyPayment/DDWXB4","timestamp":"2023-11-23T05:43:39.110Z"}
{"level":"info","message":"POST /PayBeforeService/v1/payment/payToLink","timestamp":"2023-11-23T05:43:59.583Z"}
{"level":"info","message":"POST /PayBeforeService/v1/webhook/Handle","timestamp":"2023-11-23T05:44:33.347Z"}
{"level":"info","message":"POST /PayBeforeService/v1/payment/redeemPayment","timestamp":"2023-11-23T05:45:22.135Z"}
{"level":"info","message":"POST /PayBeforeService/v1/auth/sendOtp","timestamp":"2023-11-23T13:28:10.882Z"}
{"level":"info","message":"POST /PayBeforeService/v1/auth/sendOtp","timestamp":"2023-11-23T13:32:34.005Z"}
{"level":"info","message":"POST /PayBeforeService/v1/auth/sendOtp","timestamp":"2023-11-23T13:36:47.745Z"}
{"level":"info","message":"POST /PayBeforeService/v1/auth/sendOtp","timestamp":"2023-11-23T13:38:19.283Z"}
{"level":"info","message":"POST /PayBeforeService/v1/auth/sendOtp","timestamp":"2023-11-23T13:39:35.285Z"}
{"level":"info","message":"POST /PayBeforeService/v1/auth/sendOtp","timestamp":"2023-11-23T13:40:44.255Z"}
{"level":"info","message":"POST /PayBeforeService/v1/auth/sendOtp","timestamp":"2023-11-23T13:41:47.466Z"}
{"level":"info","message":"POST /PayBeforeService/v1/auth/sendOtp","timestamp":"2023-11-23T13:48:41.231Z"}
{"level":"info","message":"POST /PayBeforeService/v1/auth/sendOtp","timestamp":"2023-11-23T13:49:11.312Z"}
{"level":"info","message":"PUT /PayBeforeService/v1/auth/resendOtp","timestamp":"2023-11-26T12:13:58.875Z"}
{"level":"info","message":"POST /PayBeforeService/v1/auth/sendOtp","timestamp":"2023-11-26T12:15:30.268Z"}
{"level":"info","message":"POST /PayBeforeService/v1/auth/verifyOtpReg","timestamp":"2023-11-26T12:16:11.030Z"}
{"level":"info","message":"PUT /PayBeforeService/v1/auth/resendOtp","timestamp":"2023-11-26T12:16:22.871Z"}
{"level":"info","message":"POST /PayBeforeService/v1/auth/sendOtp","timestamp":"2023-11-26T15:54:26.895Z"}
{"level":"info","message":"POST /PayBeforeService/v1/auth/verifyOtpReg","timestamp":"2023-11-26T15:54:51.329Z"}
{"level":"info","message":"POST /PayBeforeService/v1/auth/signup","timestamp":"2023-11-26T15:55:15.061Z"}
{"level":"info","message":"GET /PayBeforeService/v1/user/forgetPasswordRequest/nkonyeprosper@gmail.com","timestamp":"2023-11-27T16:55:38.916Z"}
{"level":"info","message":"GET /PayBeforeService/v1/user/forgetPasswordRequest/nkonyeprosper@gmail.com","timestamp":"2023-11-27T16:56:50.695Z"}
{"level":"info","message":"GET /PayBeforeService/v1/user/forgetPasswordRequest/nkonyeprosper@gmail.com","timestamp":"2023-11-27T16:58:34.685Z"}
{"level":"info","message":"GET /PayBeforeService/v1/user/forgetPasswordRequest/faithgodwin821@gmail.com","timestamp":"2023-11-27T16:59:06.906Z"}
{"level":"info","message":"GET /PayBeforeService/v1/user/forgetPasswordRequest/faithgodwin821@gmail.com","timestamp":"2023-11-27T16:59:36.816Z"}
{"level":"info","message":"POST /PayBeforeService/v1/auth/sendOtp","timestamp":"2023-11-30T00:38:37.511Z"}
{"level":"info","message":"POST /PayBeforeService/v1/auth/verifyOtpReg","timestamp":"2023-11-30T00:39:15.906Z"}
{"level":"info","message":"POST /PayBeforeService/v1/auth/signup","timestamp":"2023-11-30T00:39:39.733Z"}
{"level":"info","message":"POST /PayBeforeService/v1/auth/login","timestamp":"2023-11-30T00:40:11.451Z"}
{"level":"info","message":"POST /PayBeforeService/v1/payment/generatePaymentLink","timestamp":"2023-11-30T00:41:43.193Z"}
{"level":"info","message":"POST /PayBeforeService/v1/payment/generatePaymentLink","timestamp":"2023-11-30T00:42:24.023Z"}
{"level":"info","message":"POST /PayBeforeService/v1/payment/generatePaymentLink","timestamp":"2023-11-30T00:43:07.719Z"}
{"level":"info","message":"GET /PayBeforeService/v1/payment/verifyPayment/B9VCAP","timestamp":"2023-11-30T00:45:29.687Z"}
{"level":"info","message":"POST /PayBeforeService/v1/webhook/Handle","timestamp":"2023-11-30T01:33:13.076Z"}
{"level":"info","message":"POST /PayBeforeService/v1/webhook/Handle","timestamp":"2023-11-30T01:33:15.595Z"}
{"level":"info","message":"POST /PayBeforeService/v1/payment/redeemPayment","timestamp":"2023-11-30T01:35:40.143Z"}
{"level":"info","message":"POST /PayBeforeService/v1/payment/redeemPayment","timestamp":"2023-11-30T01:40:34.877Z"}
{"level":"info","message":"GET /PayBeforeService/v1/transaction/getTx","timestamp":"2023-11-30T03:02:24.639Z"}
{"level":"info","message":"GET /PayBeforeService/v1/transaction/getTx","timestamp":"2023-11-30T03:03:48.857Z"}
{"level":"info","message":"GET /PayBeforeService/v1/transaction/getTx","timestamp":"2023-11-30T03:08:28.851Z"}
{"level":"info","message":"GET /PayBeforeService/v1/transaction/getTx","timestamp":"2023-11-30T03:11:37.412Z"}
{"level":"info","message":"GET /PayBeforeService/v1/transaction/getTx","timestamp":"2023-11-30T03:13:24.098Z"}
{"level":"info","message":"GET /PayBeforeService/v1/transaction/getTx/6567e6595bbb65281aecb755","timestamp":"2023-11-30T03:15:14.772Z"}
{"level":"info","message":"GET /PayBeforeService/v1/transaction/getTx","timestamp":"2023-11-30T03:15:42.604Z"}
{"level":"info","message":"GET /PayBeforeService/v1/transaction/getTx/6567e6595bbb65281aecb755","timestamp":"2023-11-30T03:15:49.534Z"}
{"level":"info","message":"POST /PayBeforeService/v1/auth/login","timestamp":"2023-12-01T12:35:07.492Z"}
{"level":"info","message":"GET /PayBeforeService/v1/user/getProfile","timestamp":"2023-12-01T12:35:37.436Z"}
{"level":"info","message":"GET /PayBeforeService/v1/user/getProfile","timestamp":"2023-12-01T12:37:02.045Z"}
{"level":"info","message":"GET /PayBeforeService/v1/user/getProfile","timestamp":"2023-12-01T12:37:46.331Z"}
{"level":"info","message":"GET /PayBeforeService/v1/user/getProfile","timestamp":"2023-12-01T12:41:48.600Z"}
{"level":"info","message":"GET /PayBeforeService/v1/user/getProfile","timestamp":"2023-12-01T12:41:51.737Z"}
{"level":"info","message":"GET /PayBeforeService/v1/user/getProfile","timestamp":"2023-12-01T12:43:03.798Z"}
{"level":"info","message":"GET /PayBeforeService/v1/user/getProfile","timestamp":"2023-12-01T12:43:28.309Z"}
{"level":"info","message":"GET /PayBeforeService/v1/transaction/getRefs","timestamp":"2023-12-01T12:47:30.328Z"}
{"level":"info","message":"GET /PayBeforeService/v1/referral/getRefs","timestamp":"2023-12-01T12:47:43.343Z"}
{"level":"info","message":"GET /PayBeforeService/v1/transaction/getTx","timestamp":"2023-12-01T12:47:57.284Z"}
{"level":"info","message":"POST /PayBeforeService/v1/webhook/Handle","timestamp":"2023-12-02T14:52:05.592Z"}
{"level":"info","message":"POST /PayBeforeService/v1/webhook/Handle","timestamp":"2023-12-02T14:53:04.759Z"}
{"level":"info","message":"POST /PayBeforeService/v1/webhook/Handle","timestamp":"2023-12-02T14:54:23.718Z"}
{"level":"info","message":"POST /PayBeforeService/v1/webhook/Handle","timestamp":"2023-12-02T14:57:33.516Z"}
{"level":"info","message":"POST /PayBeforeService/v1/webhook/Handle","timestamp":"2023-12-02T15:30:51.469Z"}
{"level":"info","message":"GET /PayBeforeService/v1/payment/verifyPayment/CBZFUY","timestamp":"2023-12-02T15:41:02.749Z"}
{"level":"info","message":"GET /PayBeforeService/v1/payment/verifyPayment/KDRFKU","timestamp":"2023-12-02T15:58:34.694Z"}
{"level":"info","message":"POST /PayBeforeService/v1/webhook/Handle","timestamp":"2023-12-02T16:02:44.521Z"}
{"level":"info","message":"POST /PayBeforeService/v1/webhook/Handle","timestamp":"2023-12-02T16:04:11.656Z"}
{"level":"info","message":"POST /PayBeforeService/v1/webhook/Handle","timestamp":"2023-12-02T16:06:37.745Z"}
{"level":"info","message":"POST /PayBeforeService/v1/payment/payToLink","timestamp":"2023-12-02T18:41:10.462Z"}
{"level":"info","message":"POST /PayBeforeService/v1/payment/payToLink","timestamp":"2023-12-02T18:42:28.578Z"}
{"level":"info","message":"POST /PayBeforeService/v1/payment/payToLink","timestamp":"2023-12-02T18:48:21.799Z"}
{"level":"info","message":"POST /PayBeforeService/v1/payment/payToLink","timestamp":"2023-12-02T18:49:29.711Z"}
{"level":"info","message":"POST /PayBeforeService/v1/payment/payToLink","timestamp":"2023-12-02T18:50:31.782Z"}
{"level":"info","message":"POST /PayBeforeService/v1/payment/payToLink","timestamp":"2023-12-02T18:51:01.828Z"}
{"level":"info","message":"POST /PayBeforeService/v1/payment/payToLink","timestamp":"2023-12-02T18:51:37.692Z"}
{"level":"info","message":"POST /PayBeforeService/v1/payment/payToLink","timestamp":"2023-12-02T18:52:04.945Z"}
{"level":"info","message":"POST /PayBeforeService/v1/payment/payToLink","timestamp":"2023-12-02T18:53:26.674Z"}
{"level":"info","message":"POST /PayBeforeService/v1/payment/payToLink","timestamp":"2023-12-02T18:55:11.362Z"}
{"level":"info","message":"POST /PayBeforeService/v1/payment/payToLink","timestamp":"2023-12-02T18:56:32.590Z"}
{"level":"info","message":"POST /PayBeforeService/v1/payment/payToLink","timestamp":"2023-12-02T19:01:59.258Z"}
{"level":"info","message":"POST /PayBeforeService/v1/payment/payToLink","timestamp":"2023-12-02T19:07:01.786Z"}
{"level":"info","message":"POST /PayBeforeService/v1/payment/payToLink","timestamp":"2023-12-02T19:08:31.718Z"}
{"level":"info","message":"POST /PayBeforeService/v1/payment/payToLink","timestamp":"2023-12-02T19:11:23.043Z"}
{"level":"info","message":"POST /PayBeforeService/v1/auth/login","timestamp":"2023-12-02T19:12:46.457Z"}
{"level":"info","message":"POST /PayBeforeService/v1/payment/generatePaymentLink","timestamp":"2023-12-02T19:13:55.928Z"}
{"level":"info","message":"POST /PayBeforeService/v1/payment/payToLink","timestamp":"2023-12-02T19:14:41.148Z"}
{"level":"info","message":"POST /PayBeforeService/v1/payment/payToLink","timestamp":"2023-12-02T19:48:13.699Z"}
{"level":"info","message":"POST /PayBeforeService/v1/payment/payToLink","timestamp":"2023-12-02T20:20:23.325Z"}
{"level":"info","message":"POST /PayBeforeService/v1/payment/payToLink","timestamp":"2023-12-02T20:20:50.094Z"}
{"level":"info","message":"POST /PayBeforeService/v1/payment/payToLink","timestamp":"2023-12-02T20:21:26.406Z"}
{"level":"info","message":"POST /PayBeforeService/v1/payment/payToLink","timestamp":"2023-12-02T20:28:05.723Z"}
{"level":"info","message":"POST /PayBeforeService/v1/payment/payToLink","timestamp":"2023-12-02T20:37:44.180Z"}
{"level":"info","message":"POST /PayBeforeService/v1/payment/payToLink","timestamp":"2023-12-02T20:45:56.863Z"}
{"level":"info","message":"POST /PayBeforeService/v1/webhook/Handle","timestamp":"2023-12-04T01:33:56.089Z"}
{"level":"info","message":"POST /PayBeforeService/v1/webhook/Handle","timestamp":"2023-12-04T01:50:29.750Z"}
{"level":"info","message":"GET /PayBeforeService/v1/payment/verifyPayment/XEFRJO","timestamp":"2023-12-04T01:53:04.538Z"}
{"level":"info","message":"POST /PayBeforeService/v1/webhook/Handle","timestamp":"2023-12-04T01:53:12.669Z"}
{"level":"info","message":"GET /PayBeforeService/v1/payment/verifyPayment/XEFRJO","timestamp":"2023-12-04T01:55:13.703Z"}
{"level":"info","message":"POST /PayBeforeService/v1/webhook/Handle","timestamp":"2023-12-04T01:55:18.277Z"}
{"level":"info","message":"GET /PayBeforeService/v1/payment/verifyPayment/XEFRJO","timestamp":"2023-12-04T02:04:45.417Z"}
{"level":"info","message":"POST /PayBeforeService/v1/webhook/Handle","timestamp":"2023-12-04T02:04:51.800Z"}
{"level":"info","message":"GET /PayBeforeService/v1/payment/verifyPayment/XEFRJO","timestamp":"2023-12-04T02:08:15.859Z"}
{"level":"info","message":"POST /PayBeforeService/v1/webhook/Handle","timestamp":"2023-12-04T02:08:20.106Z"}
{"level":"info","message":"GET /PayBeforeService/v1/payment/verifyPayment/XEFRJO","timestamp":"2023-12-04T22:33:50.430Z"}
{"level":"info","message":"GET /PayBeforeService/v1/payment/verifyPayment/XEFRJO","timestamp":"2023-12-04T22:34:34.861Z"}
{"level":"info","message":"POST /PayBeforeService/v1/webhook/Handle","timestamp":"2023-12-04T22:35:26.811Z"}
{"level":"info","message":"GET /PayBeforeService/v1/payment/verifyPayment/XEFRJO","timestamp":"2023-12-05T13:18:01.982Z"}
{"level":"info","message":"POST /PayBeforeService/v1/webhook/Handle","timestamp":"2023-12-05T13:18:53.338Z"}
